<?xml version="1.0" encoding="utf-8"?>
<coverage line-rate="1" branch-rate="1" version="1.9" timestamp="1628453585" lines-covered="165" lines-valid="165" branches-covered="121" branches-valid="121">
  <sources>
    <source>D:\Conestoga College\PROG8060\PizzaOrder\OrderBot\</source>
  </sources>
  <packages>
    <package name="OrderBot" line-rate="1" branch-rate="1" complexity="123">
      <classes>
        <class name="PizzaDataN.PizzaData" filename="PizzaData.cs" line-rate="1" branch-rate="1" complexity="2">
          <methods>
            <method name="GetPizzaData" signature="(System.Int32)" line-rate="1" branch-rate="1" complexity="2">
              <lines>
                <line number="9" hits="17" branch="False" />
                <line number="10" hits="17" branch="False" />
                <line number="11" hits="17" branch="False" />
                <line number="12" hits="17" branch="False" />
                <line number="13" hits="17" branch="False" />
                <line number="14" hits="17" branch="False" />
                <line number="16" hits="17" branch="False" />
                <line number="17" hits="17" branch="False" />
                <line number="18" hits="17" branch="False" />
                <line number="19" hits="17" branch="False" />
                <line number="20" hits="17" branch="False" />
                <line number="21" hits="17" branch="False" />
                <line number="22" hits="17" branch="False" />
                <line number="23" hits="17" branch="False" />
                <line number="25" hits="17" branch="False" />
                <line number="26" hits="17" branch="False" />
                <line number="27" hits="34" branch="True" condition-coverage="100% (2/2)">
                  <conditions>
                    <condition number="103" type="jump" coverage="100%" />
                  </conditions>
                </line>
                <line number="28" hits="17" branch="False" />
                <line number="29" hits="17" branch="False" />
                <line number="30" hits="17" branch="False" />
                <line number="31" hits="17" branch="False" />
                <line number="32" hits="17" branch="False" />
                <line number="33" hits="17" branch="False" />
                <line number="34" hits="17" branch="False" />
              </lines>
            </method>
          </methods>
          <lines>
            <line number="9" hits="17" branch="False" />
            <line number="10" hits="17" branch="False" />
            <line number="11" hits="17" branch="False" />
            <line number="12" hits="17" branch="False" />
            <line number="13" hits="17" branch="False" />
            <line number="14" hits="17" branch="False" />
            <line number="16" hits="17" branch="False" />
            <line number="17" hits="17" branch="False" />
            <line number="18" hits="17" branch="False" />
            <line number="19" hits="17" branch="False" />
            <line number="20" hits="17" branch="False" />
            <line number="21" hits="17" branch="False" />
            <line number="22" hits="17" branch="False" />
            <line number="23" hits="17" branch="False" />
            <line number="25" hits="17" branch="False" />
            <line number="26" hits="17" branch="False" />
            <line number="27" hits="34" branch="True" condition-coverage="100% (2/2)">
              <conditions>
                <condition number="103" type="jump" coverage="100%" />
              </conditions>
            </line>
            <line number="28" hits="17" branch="False" />
            <line number="29" hits="17" branch="False" />
            <line number="30" hits="17" branch="False" />
            <line number="31" hits="17" branch="False" />
            <line number="32" hits="17" branch="False" />
            <line number="33" hits="17" branch="False" />
            <line number="34" hits="17" branch="False" />
          </lines>
        </class>
        <class name="OrderBot.Order" filename="Order.cs" line-rate="1" branch-rate="1" complexity="121">
          <methods>
            <method name="SetStep" signature="(System.Int32)" line-rate="1" branch-rate="1" complexity="1">
              <lines>
                <line number="27" hits="19" branch="False" />
                <line number="28" hits="19" branch="False" />
                <line number="29" hits="19" branch="False" />
              </lines>
            </method>
            <method name="OnMessage" signature="(System.String)" line-rate="1" branch-rate="1" complexity="117">
              <lines>
                <line number="32" hits="43" branch="False" />
                <line number="34" hits="43" branch="False" />
                <line number="35" hits="43" branch="False" />
                <line number="36" hits="43" branch="True" condition-coverage="100% (4/4)">
                  <conditions>
                    <condition number="29" type="jump" coverage="100%" />
                    <condition number="35" type="jump" coverage="100%" />
                  </conditions>
                </line>
                <line number="39" hits="22" branch="False" />
                <line number="40" hits="22" branch="False" />
                <line number="44" hits="21" branch="False" />
                <line number="46" hits="21" branch="True" condition-coverage="100% (2/2)">
                  <conditions>
                    <condition number="80" type="jump" coverage="100%" />
                  </conditions>
                </line>
                <line number="47" hits="3" branch="False" />
                <line number="48" hits="3" branch="True" condition-coverage="100% (2/2)">
                  <conditions>
                    <condition number="99" type="jump" coverage="100%" />
                  </conditions>
                </line>
                <line number="49" hits="2" branch="False" />
                <line number="50" hits="2" branch="False" />
                <line number="52" hits="2" branch="False" />
                <line number="54" hits="2" branch="True" condition-coverage="100% (2/2)">
                  <conditions>
                    <condition number="147" type="jump" coverage="100%" />
                  </conditions>
                </line>
                <line number="55" hits="1" branch="False" />
                <line number="56" hits="1" branch="False" />
                <line number="57" hits="1" branch="False" />
                <line number="59" hits="2" branch="False" />
                <line number="62" hits="1" branch="False" />
                <line number="63" hits="1" branch="False" />
                <line number="64" hits="1" branch="False" />
                <line number="66" hits="1" branch="False" />
                <line number="68" hits="19" branch="True" condition-coverage="100% (11/11)">
                  <conditions>
                    <condition number="195" type="switch" coverage="100%" />
                  </conditions>
                </line>
                <line number="71" hits="2" branch="True" condition-coverage="100% (4/4)">
                  <conditions>
                    <condition number="256" type="jump" coverage="100%" />
                    <condition number="276" type="jump" coverage="100%" />
                  </conditions>
                </line>
                <line number="72" hits="1" branch="False" />
                <line number="73" hits="1" branch="False" />
                <line number="74" hits="1" branch="False" />
                <line number="75" hits="1" branch="False" />
                <line number="78" hits="1" branch="False" />
                <line number="79" hits="1" branch="False" />
                <line number="80" hits="1" branch="False" />
                <line number="81" hits="1" branch="False" />
                <line number="82" hits="1" branch="False" />
                <line number="85" hits="3" branch="True" condition-coverage="100% (12/12)">
                  <conditions>
                    <condition number="353" type="jump" coverage="100%" />
                    <condition number="366" type="jump" coverage="100%" />
                    <condition number="379" type="jump" coverage="100%" />
                    <condition number="392" type="jump" coverage="100%" />
                    <condition number="405" type="jump" coverage="100%" />
                    <condition number="425" type="jump" coverage="100%" />
                  </conditions>
                </line>
                <line number="86" hits="3" branch="False" />
                <line number="87" hits="3" branch="False" />
                <line number="88" hits="1" branch="False" />
                <line number="89" hits="1" branch="False" />
                <line number="90" hits="1" branch="False" />
                <line number="91" hits="1" branch="False" />
                <line number="92" hits="1" branch="False" />
                <line number="95" hits="2" branch="False" />
                <line number="96" hits="2" branch="False" />
                <line number="97" hits="2" branch="False" />
                <line number="100" hits="2" branch="True" condition-coverage="100% (12/12)">
                  <conditions>
                    <condition number="530" type="jump" coverage="100%" />
                    <condition number="543" type="jump" coverage="100%" />
                    <condition number="556" type="jump" coverage="100%" />
                    <condition number="569" type="jump" coverage="100%" />
                    <condition number="582" type="jump" coverage="100%" />
                    <condition number="602" type="jump" coverage="100%" />
                  </conditions>
                </line>
                <line number="101" hits="2" branch="False" />
                <line number="102" hits="2" branch="False" />
                <line number="103" hits="1" branch="False" />
                <line number="104" hits="1" branch="False" />
                <line number="105" hits="1" branch="False" />
                <line number="106" hits="1" branch="False" />
                <line number="107" hits="1" branch="False" />
                <line number="110" hits="1" branch="False" />
                <line number="111" hits="1" branch="False" />
                <line number="112" hits="1" branch="False" />
                <line number="115" hits="2" branch="True" condition-coverage="100% (12/12)">
                  <conditions>
                    <condition number="706" type="jump" coverage="100%" />
                    <condition number="719" type="jump" coverage="100%" />
                    <condition number="732" type="jump" coverage="100%" />
                    <condition number="745" type="jump" coverage="100%" />
                    <condition number="758" type="jump" coverage="100%" />
                    <condition number="778" type="jump" coverage="100%" />
                  </conditions>
                </line>
                <line number="116" hits="2" branch="False" />
                <line number="117" hits="2" branch="False" />
                <line number="118" hits="1" branch="False" />
                <line number="119" hits="1" branch="False" />
                <line number="120" hits="1" branch="False" />
                <line number="121" hits="1" branch="False" />
                <line number="122" hits="1" branch="False" />
                <line number="125" hits="1" branch="False" />
                <line number="126" hits="1" branch="False" />
                <line number="127" hits="1" branch="False" />
                <line number="130" hits="2" branch="True" condition-coverage="100% (12/12)">
                  <conditions>
                    <condition number="882" type="jump" coverage="100%" />
                    <condition number="895" type="jump" coverage="100%" />
                    <condition number="908" type="jump" coverage="100%" />
                    <condition number="921" type="jump" coverage="100%" />
                    <condition number="934" type="jump" coverage="100%" />
                    <condition number="954" type="jump" coverage="100%" />
                  </conditions>
                </line>
                <line number="131" hits="2" branch="False" />
                <line number="132" hits="2" branch="False" />
                <line number="133" hits="1" branch="False" />
                <line number="134" hits="1" branch="False" />
                <line number="135" hits="1" branch="False" />
                <line number="136" hits="1" branch="False" />
                <line number="137" hits="1" branch="False" />
                <line number="140" hits="1" branch="False" />
                <line number="141" hits="1" branch="False" />
                <line number="142" hits="1" branch="False" />
                <line number="145" hits="2" branch="True" condition-coverage="100% (24/24)">
                  <conditions>
                    <condition number="1058" type="jump" coverage="100%" />
                    <condition number="1074" type="jump" coverage="100%" />
                    <condition number="1090" type="jump" coverage="100%" />
                    <condition number="1103" type="jump" coverage="100%" />
                    <condition number="1116" type="jump" coverage="100%" />
                    <condition number="1129" type="jump" coverage="100%" />
                    <condition number="1142" type="jump" coverage="100%" />
                    <condition number="1155" type="jump" coverage="100%" />
                    <condition number="1168" type="jump" coverage="100%" />
                    <condition number="1181" type="jump" coverage="100%" />
                    <condition number="1194" type="jump" coverage="100%" />
                    <condition number="1214" type="jump" coverage="100%" />
                  </conditions>
                </line>
                <line number="146" hits="2" branch="False" />
                <line number="147" hits="2" branch="False" />
                <line number="148" hits="2" branch="False" />
                <line number="149" hits="2" branch="False" />
                <line number="150" hits="2" branch="False" />
                <line number="151" hits="1" branch="False" />
                <line number="152" hits="1" branch="False" />
                <line number="153" hits="1" branch="False" />
                <line number="154" hits="1" branch="False" />
                <line number="155" hits="1" branch="False" />
                <line number="158" hits="1" branch="False" />
                <line number="159" hits="1" branch="False" />
                <line number="160" hits="1" branch="False" />
                <line number="163" hits="2" branch="True" condition-coverage="100% (16/16)">
                  <conditions>
                    <condition number="1318" type="jump" coverage="100%" />
                    <condition number="1331" type="jump" coverage="100%" />
                    <condition number="1344" type="jump" coverage="100%" />
                    <condition number="1357" type="jump" coverage="100%" />
                    <condition number="1370" type="jump" coverage="100%" />
                    <condition number="1383" type="jump" coverage="100%" />
                    <condition number="1396" type="jump" coverage="100%" />
                    <condition number="1416" type="jump" coverage="100%" />
                  </conditions>
                </line>
                <line number="164" hits="2" branch="False" />
                <line number="165" hits="2" branch="False" />
                <line number="166" hits="2" branch="False" />
                <line number="167" hits="1" branch="False" />
                <line number="168" hits="1" branch="False" />
                <line number="169" hits="1" branch="False" />
                <line number="171" hits="1" branch="False" />
                <line number="174" hits="1" branch="False" />
                <line number="175" hits="1" branch="False" />
                <line number="178" hits="1" branch="False" />
                <line number="179" hits="1" branch="False" />
                <line number="180" hits="1" branch="False" />
                <line number="183" hits="2" branch="True" condition-coverage="100% (4/4)">
                  <conditions>
                    <condition number="1540" type="jump" coverage="100%" />
                    <condition number="1560" type="jump" coverage="100%" />
                  </conditions>
                </line>
                <line number="184" hits="1" branch="False" />
                <line number="185" hits="1" branch="False" />
                <line number="187" hits="1" branch="False" />
                <line number="188" hits="1" branch="False" />
                <line number="191" hits="1" branch="False" />
                <line number="192" hits="1" branch="False" />
                <line number="193" hits="1" branch="False" />
                <line number="196" hits="1" branch="False" />
                <line number="197" hits="1" branch="False" />
                <line number="198" hits="1" branch="False" />
                <line number="200" hits="1" branch="False" />
                <line number="201" hits="1" branch="False" />
                <line number="202" hits="1" branch="False" />
                <line number="203" hits="1" branch="False" />
                <line number="206" hits="19" branch="False" />
                <line number="208" hits="41" branch="False" />
                <line number="209" hits="43" branch="False" />
              </lines>
            </method>
            <method name="makeOrderHistory" signature="()" line-rate="1" branch-rate="1" complexity="2">
              <lines>
                <line number="212" hits="2" branch="False" />
                <line number="213" hits="2" branch="False" />
                <line number="214" hits="28" branch="True" condition-coverage="100% (2/2)">
                  <conditions>
                    <condition number="50" type="jump" coverage="100%" />
                  </conditions>
                </line>
                <line number="215" hits="12" branch="False" />
                <line number="216" hits="12" branch="False" />
                <line number="217" hits="12" branch="False" />
                <line number="218" hits="2" branch="False" />
                <line number="219" hits="2" branch="False" />
                <line number="220" hits="2" branch="False" />
              </lines>
            </method>
            <method name=".ctor" signature="()" line-rate="1" branch-rate="1" complexity="1">
              <lines>
                <line number="9" hits="22" branch="False" />
                <line number="10" hits="22" branch="False" />
                <line number="12" hits="22" branch="False" />
                <line number="19" hits="22" branch="False" />
                <line number="21" hits="22" branch="False" />
                <line number="22" hits="22" branch="False" />
                <line number="24" hits="22" branch="False" />
              </lines>
            </method>
          </methods>
          <lines>
            <line number="27" hits="19" branch="False" />
            <line number="28" hits="19" branch="False" />
            <line number="29" hits="19" branch="False" />
            <line number="32" hits="43" branch="False" />
            <line number="34" hits="43" branch="False" />
            <line number="35" hits="43" branch="False" />
            <line number="36" hits="43" branch="True" condition-coverage="100% (4/4)">
              <conditions>
                <condition number="29" type="jump" coverage="100%" />
                <condition number="35" type="jump" coverage="100%" />
              </conditions>
            </line>
            <line number="39" hits="22" branch="False" />
            <line number="40" hits="22" branch="False" />
            <line number="44" hits="21" branch="False" />
            <line number="46" hits="21" branch="True" condition-coverage="100% (2/2)">
              <conditions>
                <condition number="80" type="jump" coverage="100%" />
              </conditions>
            </line>
            <line number="47" hits="3" branch="False" />
            <line number="48" hits="3" branch="True" condition-coverage="100% (2/2)">
              <conditions>
                <condition number="99" type="jump" coverage="100%" />
              </conditions>
            </line>
            <line number="49" hits="2" branch="False" />
            <line number="50" hits="2" branch="False" />
            <line number="52" hits="2" branch="False" />
            <line number="54" hits="2" branch="True" condition-coverage="100% (2/2)">
              <conditions>
                <condition number="147" type="jump" coverage="100%" />
              </conditions>
            </line>
            <line number="55" hits="1" branch="False" />
            <line number="56" hits="1" branch="False" />
            <line number="57" hits="1" branch="False" />
            <line number="59" hits="2" branch="False" />
            <line number="62" hits="1" branch="False" />
            <line number="63" hits="1" branch="False" />
            <line number="64" hits="1" branch="False" />
            <line number="66" hits="1" branch="False" />
            <line number="68" hits="19" branch="True" condition-coverage="100% (11/11)">
              <conditions>
                <condition number="195" type="switch" coverage="100%" />
              </conditions>
            </line>
            <line number="71" hits="2" branch="True" condition-coverage="100% (4/4)">
              <conditions>
                <condition number="256" type="jump" coverage="100%" />
                <condition number="276" type="jump" coverage="100%" />
              </conditions>
            </line>
            <line number="72" hits="1" branch="False" />
            <line number="73" hits="1" branch="False" />
            <line number="74" hits="1" branch="False" />
            <line number="75" hits="1" branch="False" />
            <line number="78" hits="1" branch="False" />
            <line number="79" hits="1" branch="False" />
            <line number="80" hits="1" branch="False" />
            <line number="81" hits="1" branch="False" />
            <line number="82" hits="1" branch="False" />
            <line number="85" hits="3" branch="True" condition-coverage="100% (12/12)">
              <conditions>
                <condition number="353" type="jump" coverage="100%" />
                <condition number="366" type="jump" coverage="100%" />
                <condition number="379" type="jump" coverage="100%" />
                <condition number="392" type="jump" coverage="100%" />
                <condition number="405" type="jump" coverage="100%" />
                <condition number="425" type="jump" coverage="100%" />
              </conditions>
            </line>
            <line number="86" hits="3" branch="False" />
            <line number="87" hits="3" branch="False" />
            <line number="88" hits="1" branch="False" />
            <line number="89" hits="1" branch="False" />
            <line number="90" hits="1" branch="False" />
            <line number="91" hits="1" branch="False" />
            <line number="92" hits="1" branch="False" />
            <line number="95" hits="2" branch="False" />
            <line number="96" hits="2" branch="False" />
            <line number="97" hits="2" branch="False" />
            <line number="100" hits="2" branch="True" condition-coverage="100% (12/12)">
              <conditions>
                <condition number="530" type="jump" coverage="100%" />
                <condition number="543" type="jump" coverage="100%" />
                <condition number="556" type="jump" coverage="100%" />
                <condition number="569" type="jump" coverage="100%" />
                <condition number="582" type="jump" coverage="100%" />
                <condition number="602" type="jump" coverage="100%" />
              </conditions>
            </line>
            <line number="101" hits="2" branch="False" />
            <line number="102" hits="2" branch="False" />
            <line number="103" hits="1" branch="False" />
            <line number="104" hits="1" branch="False" />
            <line number="105" hits="1" branch="False" />
            <line number="106" hits="1" branch="False" />
            <line number="107" hits="1" branch="False" />
            <line number="110" hits="1" branch="False" />
            <line number="111" hits="1" branch="False" />
            <line number="112" hits="1" branch="False" />
            <line number="115" hits="2" branch="True" condition-coverage="100% (12/12)">
              <conditions>
                <condition number="706" type="jump" coverage="100%" />
                <condition number="719" type="jump" coverage="100%" />
                <condition number="732" type="jump" coverage="100%" />
                <condition number="745" type="jump" coverage="100%" />
                <condition number="758" type="jump" coverage="100%" />
                <condition number="778" type="jump" coverage="100%" />
              </conditions>
            </line>
            <line number="116" hits="2" branch="False" />
            <line number="117" hits="2" branch="False" />
            <line number="118" hits="1" branch="False" />
            <line number="119" hits="1" branch="False" />
            <line number="120" hits="1" branch="False" />
            <line number="121" hits="1" branch="False" />
            <line number="122" hits="1" branch="False" />
            <line number="125" hits="1" branch="False" />
            <line number="126" hits="1" branch="False" />
            <line number="127" hits="1" branch="False" />
            <line number="130" hits="2" branch="True" condition-coverage="100% (12/12)">
              <conditions>
                <condition number="882" type="jump" coverage="100%" />
                <condition number="895" type="jump" coverage="100%" />
                <condition number="908" type="jump" coverage="100%" />
                <condition number="921" type="jump" coverage="100%" />
                <condition number="934" type="jump" coverage="100%" />
                <condition number="954" type="jump" coverage="100%" />
              </conditions>
            </line>
            <line number="131" hits="2" branch="False" />
            <line number="132" hits="2" branch="False" />
            <line number="133" hits="1" branch="False" />
            <line number="134" hits="1" branch="False" />
            <line number="135" hits="1" branch="False" />
            <line number="136" hits="1" branch="False" />
            <line number="137" hits="1" branch="False" />
            <line number="140" hits="1" branch="False" />
            <line number="141" hits="1" branch="False" />
            <line number="142" hits="1" branch="False" />
            <line number="145" hits="2" branch="True" condition-coverage="100% (24/24)">
              <conditions>
                <condition number="1058" type="jump" coverage="100%" />
                <condition number="1074" type="jump" coverage="100%" />
                <condition number="1090" type="jump" coverage="100%" />
                <condition number="1103" type="jump" coverage="100%" />
                <condition number="1116" type="jump" coverage="100%" />
                <condition number="1129" type="jump" coverage="100%" />
                <condition number="1142" type="jump" coverage="100%" />
                <condition number="1155" type="jump" coverage="100%" />
                <condition number="1168" type="jump" coverage="100%" />
                <condition number="1181" type="jump" coverage="100%" />
                <condition number="1194" type="jump" coverage="100%" />
                <condition number="1214" type="jump" coverage="100%" />
              </conditions>
            </line>
            <line number="146" hits="2" branch="False" />
            <line number="147" hits="2" branch="False" />
            <line number="148" hits="2" branch="False" />
            <line number="149" hits="2" branch="False" />
            <line number="150" hits="2" branch="False" />
            <line number="151" hits="1" branch="False" />
            <line number="152" hits="1" branch="False" />
            <line number="153" hits="1" branch="False" />
            <line number="154" hits="1" branch="False" />
            <line number="155" hits="1" branch="False" />
            <line number="158" hits="1" branch="False" />
            <line number="159" hits="1" branch="False" />
            <line number="160" hits="1" branch="False" />
            <line number="163" hits="2" branch="True" condition-coverage="100% (16/16)">
              <conditions>
                <condition number="1318" type="jump" coverage="100%" />
                <condition number="1331" type="jump" coverage="100%" />
                <condition number="1344" type="jump" coverage="100%" />
                <condition number="1357" type="jump" coverage="100%" />
                <condition number="1370" type="jump" coverage="100%" />
                <condition number="1383" type="jump" coverage="100%" />
                <condition number="1396" type="jump" coverage="100%" />
                <condition number="1416" type="jump" coverage="100%" />
              </conditions>
            </line>
            <line number="164" hits="2" branch="False" />
            <line number="165" hits="2" branch="False" />
            <line number="166" hits="2" branch="False" />
            <line number="167" hits="1" branch="False" />
            <line number="168" hits="1" branch="False" />
            <line number="169" hits="1" branch="False" />
            <line number="171" hits="1" branch="False" />
            <line number="174" hits="1" branch="False" />
            <line number="175" hits="1" branch="False" />
            <line number="178" hits="1" branch="False" />
            <line number="179" hits="1" branch="False" />
            <line number="180" hits="1" branch="False" />
            <line number="183" hits="2" branch="True" condition-coverage="100% (4/4)">
              <conditions>
                <condition number="1540" type="jump" coverage="100%" />
                <condition number="1560" type="jump" coverage="100%" />
              </conditions>
            </line>
            <line number="184" hits="1" branch="False" />
            <line number="185" hits="1" branch="False" />
            <line number="187" hits="1" branch="False" />
            <line number="188" hits="1" branch="False" />
            <line number="191" hits="1" branch="False" />
            <line number="192" hits="1" branch="False" />
            <line number="193" hits="1" branch="False" />
            <line number="196" hits="1" branch="False" />
            <line number="197" hits="1" branch="False" />
            <line number="198" hits="1" branch="False" />
            <line number="200" hits="1" branch="False" />
            <line number="201" hits="1" branch="False" />
            <line number="202" hits="1" branch="False" />
            <line number="203" hits="1" branch="False" />
            <line number="206" hits="19" branch="False" />
            <line number="208" hits="41" branch="False" />
            <line number="209" hits="43" branch="False" />
            <line number="212" hits="2" branch="False" />
            <line number="213" hits="2" branch="False" />
            <line number="214" hits="28" branch="True" condition-coverage="100% (2/2)">
              <conditions>
                <condition number="50" type="jump" coverage="100%" />
              </conditions>
            </line>
            <line number="215" hits="12" branch="False" />
            <line number="216" hits="12" branch="False" />
            <line number="217" hits="12" branch="False" />
            <line number="218" hits="2" branch="False" />
            <line number="219" hits="2" branch="False" />
            <line number="220" hits="2" branch="False" />
            <line number="9" hits="22" branch="False" />
            <line number="10" hits="22" branch="False" />
            <line number="12" hits="22" branch="False" />
            <line number="19" hits="22" branch="False" />
            <line number="21" hits="22" branch="False" />
            <line number="22" hits="22" branch="False" />
            <line number="24" hits="22" branch="False" />
          </lines>
        </class>
      </classes>
    </package>
  </packages>
</coverage>